Log file open, 06/10/23 07:53:17
LogWindows: Failed to load 'aqProf.dll' (GetLastError=126)
LogWindows: File 'aqProf.dll' does not exist
LogWindows: Failed to load 'VtuneApi.dll' (GetLastError=126)
LogWindows: File 'VtuneApi.dll' does not exist
LogWindows: Failed to load 'VtuneApi32e.dll' (GetLastError=126)
LogWindows: File 'VtuneApi32e.dll' does not exist
LogConsoleResponse: Display: Failed to find resolution value strings in scalability ini. Falling back to default.
LogConsoleResponse: Display: Failed to find resolution value strings in scalability ini. Falling back to default.
LogPakFile: Display: Found Pak file ../../../Kules/Content/Paks/Kules-WindowsServer.pak attempting to mount.
LogPakFile: Display: Mounting pak file ../../../Kules/Content/Paks/Kules-WindowsServer.pak.
LogPakFile: PakFile PrimaryIndexSize=26330
LogPakFile: PakFile PathHashIndexSize=48173
LogPakFile: PakFile FullDirectoryIndexSize=64317
LogShaderLibrary: Display: ShaderCodeLibraryPakFileMountedCallback: PakFile '../../../Kules/Content/Paks/Kules-WindowsServer.pak' (chunk index -1, root '../../../') mounted
LogShaderLibrary: Display: ShaderCodeLibraryPakFileMountedCallback: pending pak file info (ChunkID:-1 Root:../../../ File:../../../Kules/Content/Paks/Kules-WindowsServer.pak)
LogPakFile: OnPakFileMounted2Time == 0.000032
LogPlatformFile: Not using cached read wrapper
LogTaskGraph: Started task graph with 5 named threads and 9 total threads with 1 sets of task threads.
LogStats: Stats thread started at 0.080668
LogICUInternationalization: ICU TimeZone Detection - Raw Offset: +5:00, Platform Override: ''
LogInit: Display: Loading text-based GConfig....
LogPluginManager: Mounting plugin VaRest
LogPluginManager: Mounting plugin WebBrowserWidget
LogPluginManager: Mounting plugin EasyFileDialog
LogPluginManager: Mounting plugin Paper2D
LogPluginManager: Mounting plugin AISupport
LogPluginManager: Mounting plugin EnvironmentQueryEditor
LogPluginManager: Mounting plugin LightPropagationVolume
LogPluginManager: Mounting plugin CameraShakePreviewer
LogPluginManager: Mounting plugin GameplayCameras
LogPluginManager: Mounting plugin TemplateSequence
LogPluginManager: Mounting plugin LevelSequenceEditor
LogPluginManager: Mounting plugin OodleData
LogPluginManager: Mounting plugin OodleNetwork
LogPluginManager: Mounting plugin AnimationSharing
LogPluginManager: Mounting plugin SignificanceManager
LogPluginManager: Mounting plugin PluginUtils
LogPluginManager: Mounting plugin PropertyAccessEditor
LogPluginManager: Mounting plugin UObjectPlugin
LogPluginManager: Mounting plugin AssetManagerEditor
LogPluginManager: Mounting plugin FacialAnimation
LogPluginManager: Mounting plugin GeometryMode
LogPluginManager: Mounting plugin SpeedTreeImporter
LogPluginManager: Mounting plugin DatasmithContent
LogPluginManager: Mounting plugin VariantManagerContent
LogPluginManager: Mounting plugin AlembicImporter
LogPluginManager: Mounting plugin GeometryCache
LogPluginManager: Mounting plugin AutomationUtils
LogPluginManager: Mounting plugin ScreenshotTools
LogPluginManager: Mounting plugin BackChannel
LogPluginManager: Mounting plugin ChaosClothEditor
LogPluginManager: Mounting plugin ChaosCloth
LogPluginManager: Mounting plugin ChaosEditor
LogPluginManager: Mounting plugin PlanarCut
LogPluginManager: Mounting plugin GeometryProcessing
LogPluginManager: Mounting plugin EditableMesh
LogPluginManager: Mounting plugin GeometryCollectionPlugin
LogPluginManager: Mounting plugin ProceduralMeshComponent
LogPluginManager: Mounting plugin ChaosSolverPlugin
LogPluginManager: Mounting plugin ChaosNiagara
LogPluginManager: Mounting plugin Niagara
LogPluginManager: Mounting plugin PythonScriptPlugin
LogPluginManager: Mounting plugin CharacterAI
LogPluginManager: Mounting plugin MotoSynth
LogPluginManager: Mounting plugin OpenImageDenoise
LogPluginManager: Mounting plugin PlatformCrypto
LogPluginManager: Mounting plugin MagicLeapPassableWorld
LogPluginManager: Mounting plugin MagicLeap
LogPluginManager: Mounting plugin MLSDK
LogPluginManager: Mounting plugin MagicLeapLightEstimation
LogPluginManager: Mounting plugin AvfMedia
LogPluginManager: Mounting plugin ImgMedia
LogPluginManager: Mounting plugin MediaCompositing
LogPluginManager: Mounting plugin MeshPainting
LogPluginManager: Mounting plugin TcpMessaging
LogPluginManager: Mounting plugin UdpMessaging
LogPluginManager: Mounting plugin ActorSequence
LogPluginManager: Mounting plugin MatineeToLevelSequence
LogPluginManager: Mounting plugin OnlineSubsystemNull
LogPluginManager: Mounting plugin OnlineSubsystem
LogPluginManager: Mounting plugin OnlineSubsystemUtils
LogPluginManager: Mounting plugin LauncherChunkInstaller
LogPluginManager: Mounting plugin ActorLayerUtilities
LogPluginManager: Mounting plugin AndroidPermission
LogPluginManager: Mounting plugin AppleImageUtils
LogPluginManager: Mounting plugin ArchVisCharacter
LogPluginManager: Mounting plugin AssetTags
LogPluginManager: Mounting plugin AudioCapture
LogPluginManager: Mounting plugin CableComponent
LogPluginManager: Mounting plugin ChunkDownloader
LogPluginManager: Mounting plugin CustomMeshComponent
LogPluginManager: Mounting plugin ExampleDeviceProfileSelector
LogPluginManager: Mounting plugin GooglePAD
LogPluginManager: Mounting plugin LocationServicesBPLibrary
LogPluginManager: Mounting plugin MobilePatchingUtils
LogPluginManager: Mounting plugin OculusVR
LogPluginManager: Mounting plugin OpenXREyeTracker
LogPluginManager: Mounting plugin OpenXR
LogPluginManager: Mounting plugin OpenXRHandTracking
LogPluginManager: Mounting plugin LiveLink
LogPluginManager: Mounting plugin Takes
LogPluginManager: Mounting plugin PhysXVehicles
LogPluginManager: Mounting plugin RuntimePhysXCooking
LogPluginManager: Mounting plugin SoundFields
LogPluginManager: Mounting plugin SteamVR
LogPluginManager: Mounting plugin Synthesis
LogPluginManager: Mounting plugin AudioSynesthesia
LogPluginManager: Mounting plugin WindowsMoviePlayer
LogLuminAPIImpl: Warning: MLSDK not found.  This likely means the MLSDK environment variable is not set.
LogInit: Using libcurl 7.55.1-DEV
LogInit:  - built for x86_64-pc-win32
LogInit:  - supports SSL with OpenSSL/1.1.1
LogInit:  - supports HTTP deflate (compression) using libz 1.2.8
LogInit:  - other features:
LogInit:      CURL_VERSION_SSL
LogInit:      CURL_VERSION_LIBZ
LogInit:      CURL_VERSION_IPV6
LogInit:      CURL_VERSION_ASYNCHDNS
LogInit:      CURL_VERSION_LARGEFILE
LogInit:      CURL_VERSION_IDN
LogInit:  CurlRequestOptions (configurable via config and command line):
LogInit:  - bVerifyPeer = true  - Libcurl will verify peer certificate
LogInit:  - bUseHttpProxy = false  - Libcurl will NOT use HTTP proxy
LogInit:  - bDontReuseConnections = false  - Libcurl will reuse connections
LogInit:  - MaxHostConnections = 16  - Libcurl will limit the number of connections to a host
LogInit:  - LocalHostAddr = Default
LogInit:  - BufferSize = 65536
LogOnline: OSS: Creating online subsystem instance for: NULL
LogInit: WinSock: version 1.1 (2.2), MaxSocks=32767, MaxUdp=65467
LogOnline: OSS: TryLoadSubsystemAndSetDefault: Loaded subsystem for module [NULL]
LogInit: Build: ++UE4+Release-4.27-CL-0
LogInit: Engine Version: 4.27.2-0+++UE4+Release-4.27
LogInit: Compatible Engine Version: 4.27.0-0+++UE4+Release-4.27
LogInit: Net CL: 0
LogInit: OS: Windows 10 (Release 2009) (), CPU: Intel(R) Core(TM) i5-10400F CPU @ 2.90GHz, GPU: NVIDIA GeForce RTX 3060 Ti
LogInit: Compiled (64-bit): Jun 10 2023 04:13:14
LogInit: Compiled with Visual C++: 19.29.30148.00
LogInit: Build Configuration: Development
LogInit: Branch Name: ++UE4+Release-4.27
LogInit: Command Line:  -log
LogInit: Base Directory: C:/Bek/Kules 4.27/WindowsServer/Kules/Binaries/Win64/
LogInit: Allocator: binned2
LogInit: Installed Engine Build: 0
LogDevObjectVersion: Number of dev versions registered: 29
LogDevObjectVersion:   Dev-Blueprints (B0D832E4-1F89-4F0D-ACCF-7EB736FD4AA2): 10
LogDevObjectVersion:   Dev-Build (E1C64328-A22C-4D53-A36C-8E866417BD8C): 0
LogDevObjectVersion:   Dev-Core (375EC13C-06E4-48FB-B500-84F0262A717E): 4
LogDevObjectVersion:   Dev-Editor (E4B068ED-F494-42E9-A231-DA0B2E46BB41): 40
LogDevObjectVersion:   Dev-Framework (CFFC743F-43B0-4480-9391-14DF171D2073): 37
LogDevObjectVersion:   Dev-Mobile (B02B49B5-BB20-44E9-A304-32B752E40360): 3
LogDevObjectVersion:   Dev-Networking (A4E4105C-59A1-49B5-A7C5-40C4547EDFEE): 0
LogDevObjectVersion:   Dev-Online (39C831C9-5AE6-47DC-9A44-9C173E1C8E7C): 0
LogDevObjectVersion:   Dev-Physics (78F01B33-EBEA-4F98-B9B4-84EACCB95AA2): 14
LogDevObjectVersion:   Dev-Platform (6631380F-2D4D-43E0-8009-CF276956A95A): 0
LogDevObjectVersion:   Dev-Rendering (12F88B9F-8875-4AFC-A67C-D90C383ABD29): 45
LogDevObjectVersion:   Dev-Sequencer (7B5AE74C-D270-4C10-A958-57980B212A5A): 13
LogDevObjectVersion:   Dev-VR (D7296918-1DD6-4BDD-9DE2-64A83CC13884): 3
LogDevObjectVersion:   Dev-LoadTimes (C2A15278-BFE7-4AFE-6C17-90FF531DF755): 1
LogDevObjectVersion:   Private-Geometry (6EACA3D4-40EC-4CC1-B786-8BED09428FC5): 3
LogDevObjectVersion:   Dev-AnimPhys (29E575DD-E0A3-4627-9D10-D276232CDCEA): 17
LogDevObjectVersion:   Dev-Anim (AF43A65D-7FD3-4947-9873-3E8ED9C1BB05): 15
LogDevObjectVersion:   Dev-ReflectionCapture (6B266CEC-1EC7-4B8F-A30B-E4D90942FC07): 1
LogDevObjectVersion:   Dev-Automation (0DF73D61-A23F-47EA-B727-89E90C41499A): 1
LogDevObjectVersion:   FortniteMain (601D1886-AC64-4F84-AA16-D3DE0DEAC7D6): 47
LogDevObjectVersion:   FortniteRelease (E7086368-6B23-4C58-8439-1B7016265E91): 1
LogDevObjectVersion:   Dev-Enterprise (9DFFBCD6-494F-0158-E221-12823C92A888): 10
LogDevObjectVersion:   Dev-Niagara (F2AED0AC-9AFE-416F-8664-AA7FFA26D6FC): 1
LogDevObjectVersion:   Dev-Destruction (174F1F0B-B4C6-45A5-B13F-2EE8D0FB917D): 10
LogDevObjectVersion:   Dev-Physics-Ext (35F94A83-E258-406C-A318-09F59610247C): 41
LogDevObjectVersion:   Dev-PhysicsMaterial-Chaos (B68FC16E-8B1B-42E2-B453-215C058844FE): 1
LogDevObjectVersion:   Dev-CineCamera (B2E18506-4273-CFC2-A54E-F4BB758BBA07): 1
LogDevObjectVersion:   Dev-VirtualProduction (64F58936-FD1B-42BA-BA96-7289D5D0FA4E): 1
LogDevObjectVersion:   Dev-MediaFramework (6F0ED827-A609-4895-9C91-998D90180EA4): 2
LogLinker: AddRedirectList(../../../Kules/Saved/Config/WindowsServer/VaRest.ini) has substring redirect /VaRestPlugin/, these are very slow and should be resolved as soon as possible!
LogInit: Presizing for max 2097152 objects, including 1 objects not considered by GC, pre-allocating 0 bytes for permanent pool.
LogConfig: Applying CVar settings from Section [/Script/Engine.StreamingSettings] File [../../../Kules/Saved/Config/WindowsServer/Engine.ini]
LogConfig: Setting CVar [[s.MinBulkDataSizeForAsyncLoading:131072]]
LogConfig: Setting CVar [[s.AsyncLoadingThreadEnabled:0]]
LogConfig: Setting CVar [[s.EventDrivenLoaderEnabled:1]]
LogConfig: Setting CVar [[s.WarnIfTimeLimitExceeded:0]]
LogConfig: Setting CVar [[s.TimeLimitExceededMultiplier:1.5]]
LogConfig: Setting CVar [[s.TimeLimitExceededMinTime:0.005]]
LogConfig: Setting CVar [[s.UseBackgroundLevelStreaming:1]]
LogConfig: Setting CVar [[s.PriorityAsyncLoadingExtraTime:15.0]]
LogConfig: Setting CVar [[s.LevelStreamingActorsUpdateTimeLimit:5.0]]
LogConfig: Setting CVar [[s.PriorityLevelStreamingActorsUpdateExtraTime:5.0]]
LogConfig: Setting CVar [[s.LevelStreamingComponentsRegistrationGranularity:10]]
LogConfig: Setting CVar [[s.UnregisterComponentsTimeLimit:1.0]]
LogConfig: Setting CVar [[s.LevelStreamingComponentsUnregistrationGranularity:5]]
LogConfig: Setting CVar [[s.FlushStreamingOnExit:1]]
LogStreaming: Display: Async Loading initialized: Event Driven Loader: true, Async Loading Thread: false, Async Post Load: false
LogInit: Object subsystem initialized
LogConfig: Setting CVar [[con.DebugEarlyDefault:1]]
LogConfig: Setting CVar [[r.setres:1280x720]]
LogConfig: Setting CVar [[fx.NiagaraAllowRuntimeScalabilityChanges:1]]
[2023.06.10-02.53.18:170][  0]LogConfig: Setting CVar [[con.DebugEarlyDefault:1]]
[2023.06.10-02.53.18:170][  0]LogConfig: Setting CVar [[r.setres:1280x720]]
[2023.06.10-02.53.18:170][  0]LogConfig: Setting CVar [[fx.NiagaraAllowRuntimeScalabilityChanges:1]]
[2023.06.10-02.53.18:171][  0]LogConfig: Applying CVar settings from Section [/Script/Engine.RendererSettings] File [../../../Kules/Saved/Config/WindowsServer/Engine.ini]
[2023.06.10-02.53.18:171][  0]LogConfig: Setting CVar [[r.GPUCrashDebugging:0]]
[2023.06.10-02.53.18:171][  0]LogConfig: Setting CVar [[r.Mobile.DisableVertexFog:1]]
[2023.06.10-02.53.18:171][  0]LogConfig: Setting CVar [[r.Shadow.CSM.MaxMobileCascades:2]]
[2023.06.10-02.53.18:171][  0]LogConfig: Setting CVar [[r.MobileMSAA:1]]
[2023.06.10-02.53.18:172][  0]LogConfig: Setting CVar [[r.Mobile.AllowDitheredLODTransition:0]]
[2023.06.10-02.53.18:172][  0]LogConfig: Setting CVar [[r.Mobile.AllowSoftwareOcclusion:0]]
[2023.06.10-02.53.18:172][  0]LogConfig: Setting CVar [[r.Mobile.VirtualTextures:0]]
[2023.06.10-02.53.18:172][  0]LogConfig: Setting CVar [[r.DiscardUnusedQuality:0]]
[2023.06.10-02.53.18:173][  0]LogConfig: Setting CVar [[r.AllowOcclusionQueries:1]]
[2023.06.10-02.53.18:173][  0]LogConfig: Setting CVar [[r.MinScreenRadiusForLights:0.030000]]
[2023.06.10-02.53.18:173][  0]LogConfig: Setting CVar [[r.MinScreenRadiusForDepthPrepass:0.030000]]
[2023.06.10-02.53.18:173][  0]LogConfig: Setting CVar [[r.MinScreenRadiusForCSMDepth:0.010000]]
[2023.06.10-02.53.18:173][  0]LogConfig: Setting CVar [[r.PrecomputedVisibilityWarning:0]]
[2023.06.10-02.53.18:174][  0]LogConfig: Setting CVar [[r.TextureStreaming:1]]
[2023.06.10-02.53.18:174][  0]LogConfig: Setting CVar [[Compat.UseDXT5NormalMaps:0]]
[2023.06.10-02.53.18:174][  0]LogConfig: Setting CVar [[r.VirtualTextures:0]]
[2023.06.10-02.53.18:174][  0]LogConfig: Setting CVar [[r.VT.EnableAutoImport:1]]
[2023.06.10-02.53.18:174][  0]LogConfig: Setting CVar [[r.VirtualTexturedLightmaps:0]]
[2023.06.10-02.53.18:175][  0]LogConfig: Setting CVar [[r.VT.TileSize:128]]
[2023.06.10-02.53.18:177][  0]LogConfig: Setting CVar [[r.VT.TileBorderSize:4]]
[2023.06.10-02.53.18:177][  0]LogConfig: Setting CVar [[r.vt.FeedbackFactor:16]]
[2023.06.10-02.53.18:177][  0]LogConfig: Setting CVar [[r.VT.EnableCompressZlib:1]]
[2023.06.10-02.53.18:177][  0]LogConfig: Setting CVar [[r.VT.EnableCompressCrunch:0]]
[2023.06.10-02.53.18:178][  0]LogConfig: Setting CVar [[r.ClearCoatNormal:0]]
[2023.06.10-02.53.18:178][  0]LogConfig: Setting CVar [[r.ReflectionCaptureResolution:128]]
[2023.06.10-02.53.18:178][  0]LogConfig: Setting CVar [[r.Mobile.ReflectionCaptureCompression:0]]
[2023.06.10-02.53.18:178][  0]LogConfig: Setting CVar [[r.ReflectionEnvironmentLightmapMixBasedOnRoughness:1]]
[2023.06.10-02.53.18:178][  0]LogConfig: Setting CVar [[r.ForwardShading:0]]
[2023.06.10-02.53.18:179][  0]LogConfig: Setting CVar [[r.VertexFoggingForOpaque:1]]
[2023.06.10-02.53.18:179][  0]LogConfig: Setting CVar [[r.AllowStaticLighting:1]]
[2023.06.10-02.53.18:179][  0]LogConfig: Setting CVar [[r.NormalMapsForStaticLighting:0]]
[2023.06.10-02.53.18:179][  0]LogConfig: Setting CVar [[r.GenerateMeshDistanceFields:0]]
[2023.06.10-02.53.18:180][  0]LogConfig: Setting CVar [[r.DistanceFieldBuild.EightBit:0]]
[2023.06.10-02.53.18:180][  0]LogConfig: Setting CVar [[r.GenerateLandscapeGIData:0]]
[2023.06.10-02.53.18:180][  0]LogConfig: Setting CVar [[r.DistanceFieldBuild.Compress:0]]
[2023.06.10-02.53.18:180][  0]LogConfig: Setting CVar [[r.TessellationAdaptivePixelsPerTriangle:48.000000]]
[2023.06.10-02.53.18:180][  0]LogConfig: Setting CVar [[r.SeparateTranslucency:0]]
[2023.06.10-02.53.18:181][  0]LogConfig: Setting CVar [[r.TranslucentSortPolicy:0]]
[2023.06.10-02.53.18:181][  0]LogConfig: Setting CVar [[vr.VRS.HMDFixedFoveationLevel:0]]
[2023.06.10-02.53.18:181][  0]LogConfig: Setting CVar [[r.CustomDepth:1]]
[2023.06.10-02.53.18:181][  0]LogConfig: Setting CVar [[r.CustomDepthTemporalAAJitter:1]]
[2023.06.10-02.53.18:182][  0]LogConfig: Setting CVar [[r.PostProcessing.PropagateAlpha:0]]
[2023.06.10-02.53.18:182][  0]LogConfig: Setting CVar [[r.DefaultFeature.Bloom:1]]
[2023.06.10-02.53.18:182][  0]LogConfig: Setting CVar [[r.DefaultFeature.AmbientOcclusion:0]]
[2023.06.10-02.53.18:182][  0]LogConfig: Setting CVar [[r.DefaultFeature.AmbientOcclusionStaticFraction:1]]
[2023.06.10-02.53.18:182][  0]LogConfig: Setting CVar [[r.DefaultFeature.AutoExposure:0]]
[2023.06.10-02.53.18:183][  0]LogConfig: Setting CVar [[r.DefaultFeature.AutoExposure.Method:0]]
[2023.06.10-02.53.18:183][  0]LogConfig: Setting CVar [[r.DefaultFeature.AutoExposure.Bias:1.000000]]
[2023.06.10-02.53.18:183][  0]LogConfig: Setting CVar [[r.DefaultFeature.AutoExposure.ExtendDefaultLuminanceRange:0]]
[2023.06.10-02.53.18:183][  0]LogConfig: Setting CVar [[r.UsePreExposure:1]]
[2023.06.10-02.53.18:183][  0]LogConfig: Setting CVar [[r.EyeAdaptation.EditorOnly:0]]
[2023.06.10-02.53.18:184][  0]LogConfig: Setting CVar [[r.DefaultFeature.MotionBlur:0]]
[2023.06.10-02.53.18:184][  0]LogConfig: Setting CVar [[r.DefaultFeature.LensFlare:0]]
[2023.06.10-02.53.18:184][  0]LogConfig: Setting CVar [[r.TemporalAA.Upsampling:0]]
[2023.06.10-02.53.18:184][  0]LogConfig: Setting CVar [[r.SSGI.Enable:0]]
[2023.06.10-02.53.18:185][  0]LogConfig: Setting CVar [[r.DefaultFeature.AntiAliasing:0]]
[2023.06.10-02.53.18:185][  0]LogConfig: Setting CVar [[r.DefaultFeature.LightUnits:1]]
[2023.06.10-02.53.18:185][  0]LogConfig: Setting CVar [[r.DefaultBackBufferPixelFormat:4]]
[2023.06.10-02.53.18:185][  0]LogConfig: Setting CVar [[r.Shadow.UnbuiltPreviewInGame:1]]
[2023.06.10-02.53.18:185][  0]LogConfig: Setting CVar [[r.StencilForLODDither:0]]
[2023.06.10-02.53.18:186][  0]LogConfig: Setting CVar [[r.EarlyZPass:3]]
[2023.06.10-02.53.18:186][  0]LogConfig: Setting CVar [[r.EarlyZPassOnlyMaterialMasking:0]]
[2023.06.10-02.53.18:186][  0]LogConfig: Setting CVar [[r.DBuffer:1]]
[2023.06.10-02.53.18:186][  0]LogConfig: Setting CVar [[r.ClearSceneMethod:1]]
[2023.06.10-02.53.18:186][  0]LogConfig: Setting CVar [[r.BasePassOutputsVelocity:0]]
[2023.06.10-02.53.18:187][  0]LogConfig: Setting CVar [[r.VertexDeformationOutputsVelocity:0]]
[2023.06.10-02.53.18:187][  0]LogConfig: Setting CVar [[r.SelectiveBasePassOutputs:0]]
[2023.06.10-02.53.18:187][  0]LogConfig: Setting CVar [[fx.GPUSimulationTextureSizeX:1024]]
[2023.06.10-02.53.18:187][  0]LogConfig: Setting CVar [[fx.GPUSimulationTextureSizeY:1024]]
[2023.06.10-02.53.18:187][  0]LogConfig: Setting CVar [[r.AllowGlobalClipPlane:0]]
[2023.06.10-02.53.18:188][  0]LogConfig: Setting CVar [[r.GBufferFormat:1]]
[2023.06.10-02.53.18:188][  0]LogConfig: Setting CVar [[r.MorphTarget.Mode:1]]
[2023.06.10-02.53.18:188][  0]LogConfig: Setting CVar [[vr.InstancedStereo:0]]
[2023.06.10-02.53.18:188][  0]LogConfig: Setting CVar [[r.MobileHDR:1]]
[2023.06.10-02.53.18:189][  0]LogConfig: Setting CVar [[vr.MobileMultiView:0]]
[2023.06.10-02.53.18:189][  0]LogConfig: Setting CVar [[r.Mobile.UseHWsRGBEncoding:0]]
[2023.06.10-02.53.18:189][  0]LogConfig: Setting CVar [[vr.RoundRobinOcclusion:0]]
[2023.06.10-02.53.18:189][  0]LogConfig: Setting CVar [[vr.ODSCapture:0]]
[2023.06.10-02.53.18:189][  0]LogConfig: Setting CVar [[r.MeshStreaming:0]]
[2023.06.10-02.53.18:190][  0]LogConfig: Setting CVar [[r.WireframeCullThreshold:5.000000]]
[2023.06.10-02.53.18:190][  0]LogConfig: Setting CVar [[r.RayTracing:0]]
[2023.06.10-02.53.18:190][  0]LogConfig: Setting CVar [[r.RayTracing.UseTextureLod:0]]
[2023.06.10-02.53.18:190][  0]LogConfig: Setting CVar [[r.SupportStationarySkylight:1]]
[2023.06.10-02.53.18:190][  0]LogConfig: Setting CVar [[r.SupportLowQualityLightmaps:1]]
[2023.06.10-02.53.18:192][  0]LogConfig: Setting CVar [[r.SupportPointLightWholeSceneShadows:1]]
[2023.06.10-02.53.18:194][  0]LogConfig: Setting CVar [[r.SupportAtmosphericFog:1]]
[2023.06.10-02.53.18:194][  0]LogConfig: Setting CVar [[r.SupportSkyAtmosphere:1]]
[2023.06.10-02.53.18:194][  0]LogConfig: Setting CVar [[r.SupportSkyAtmosphereAffectsHeightFog:0]]
[2023.06.10-02.53.18:194][  0]LogConfig: Setting CVar [[r.SkinCache.CompileShaders:0]]
[2023.06.10-02.53.18:195][  0]LogConfig: Setting CVar [[r.SkinCache.DefaultBehavior:1]]
[2023.06.10-02.53.18:195][  0]LogConfig: Setting CVar [[r.SkinCache.SceneMemoryLimitInMB:128.000000]]
[2023.06.10-02.53.18:195][  0]LogConfig: Setting CVar [[r.Mobile.EnableStaticAndCSMShadowReceivers:1]]
[2023.06.10-02.53.18:195][  0]LogConfig: Setting CVar [[r.Mobile.EnableMovableLightCSMShaderCulling:1]]
[2023.06.10-02.53.18:195][  0]LogConfig: Setting CVar [[r.Mobile.AllowDistanceFieldShadows:1]]
[2023.06.10-02.53.18:196][  0]LogConfig: Setting CVar [[r.Mobile.AllowMovableDirectionalLights:1]]
[2023.06.10-02.53.18:196][  0]LogConfig: Setting CVar [[r.MobileNumDynamicPointLights:4]]
[2023.06.10-02.53.18:196][  0]LogConfig: Setting CVar [[r.MobileDynamicPointLightsUseStaticBranch:1]]
[2023.06.10-02.53.18:196][  0]LogConfig: Setting CVar [[r.Mobile.EnableMovableSpotlights:1]]
[2023.06.10-02.53.18:197][  0]LogConfig: Setting CVar [[r.Mobile.EnableMovableSpotlightsShadow:1]]
[2023.06.10-02.53.18:197][  0]LogConfig: Setting CVar [[r.GPUSkin.Support16BitBoneIndex:0]]
[2023.06.10-02.53.18:197][  0]LogConfig: Setting CVar [[r.GPUSkin.Limit2BoneInfluences:0]]
[2023.06.10-02.53.18:197][  0]LogConfig: Setting CVar [[r.SupportDepthOnlyIndexBuffers:1]]
[2023.06.10-02.53.18:197][  0]LogConfig: Setting CVar [[r.SupportReversedIndexBuffers:1]]
[2023.06.10-02.53.18:198][  0]LogConfig: Setting CVar [[r.LightPropagationVolume:0]]
[2023.06.10-02.53.18:198][  0]LogConfig: Setting CVar [[r.Mobile.AmbientOcclusion:0]]
[2023.06.10-02.53.18:198][  0]LogConfig: Setting CVar [[r.GPUSkin.UnlimitedBoneInfluences:0]]
[2023.06.10-02.53.18:198][  0]LogConfig: Setting CVar [[r.GPUSkin.UnlimitedBoneInfluencesThreshold:8]]
[2023.06.10-02.53.18:199][  0]LogConfig: Setting CVar [[r.Mobile.PlanarReflectionMode:0]]
[2023.06.10-02.53.18:199][  0]LogConfig: Setting CVar [[r.Mobile.SupportsGen4TAA:0]]
[2023.06.10-02.53.18:199][  0]LogConfig: Applying CVar settings from Section [/Script/Engine.RendererOverrideSettings] File [../../../Kules/Saved/Config/WindowsServer/Engine.ini]
[2023.06.10-02.53.18:199][  0]LogConfig: Applying CVar settings from Section [/Script/Engine.StreamingSettings] File [../../../Kules/Saved/Config/WindowsServer/Engine.ini]
[2023.06.10-02.53.18:199][  0]LogConfig: Setting CVar [[s.MinBulkDataSizeForAsyncLoading:131072]]
[2023.06.10-02.53.18:200][  0]LogConfig: Setting CVar [[s.AsyncLoadingThreadEnabled:0]]
[2023.06.10-02.53.18:200][  0]LogConfig: Setting CVar [[s.EventDrivenLoaderEnabled:1]]
[2023.06.10-02.53.18:200][  0]LogConfig: Setting CVar [[s.WarnIfTimeLimitExceeded:0]]
[2023.06.10-02.53.18:200][  0]LogConfig: Setting CVar [[s.TimeLimitExceededMultiplier:1.5]]
[2023.06.10-02.53.18:200][  0]LogConfig: Setting CVar [[s.TimeLimitExceededMinTime:0.005]]
[2023.06.10-02.53.18:201][  0]LogConfig: Setting CVar [[s.UseBackgroundLevelStreaming:1]]
[2023.06.10-02.53.18:201][  0]LogConfig: Setting CVar [[s.PriorityAsyncLoadingExtraTime:15.0]]
[2023.06.10-02.53.18:201][  0]LogConfig: Setting CVar [[s.LevelStreamingActorsUpdateTimeLimit:5.0]]
[2023.06.10-02.53.18:201][  0]LogConfig: Setting CVar [[s.PriorityLevelStreamingActorsUpdateExtraTime:5.0]]
[2023.06.10-02.53.18:202][  0]LogConfig: Setting CVar [[s.LevelStreamingComponentsRegistrationGranularity:10]]
[2023.06.10-02.53.18:202][  0]LogConfig: Setting CVar [[s.UnregisterComponentsTimeLimit:1.0]]
[2023.06.10-02.53.18:202][  0]LogConfig: Setting CVar [[s.LevelStreamingComponentsUnregistrationGranularity:5]]
[2023.06.10-02.53.18:202][  0]LogConfig: Setting CVar [[s.FlushStreamingOnExit:1]]
[2023.06.10-02.53.18:202][  0]LogConfig: Applying CVar settings from Section [/Script/Engine.GarbageCollectionSettings] File [../../../Kules/Saved/Config/WindowsServer/Engine.ini]
[2023.06.10-02.53.18:202][  0]LogConfig: Setting CVar [[gc.MaxObjectsNotConsideredByGC:1]]
[2023.06.10-02.53.18:203][  0]LogConfig: Setting CVar [[gc.SizeOfPermanentObjectPool:0]]
[2023.06.10-02.53.18:203][  0]LogConfig: Setting CVar [[gc.FlushStreamingOnGC:0]]
[2023.06.10-02.53.18:203][  0]LogConfig: Setting CVar [[gc.NumRetriesBeforeForcingGC:10]]
[2023.06.10-02.53.18:203][  0]LogConfig: Setting CVar [[gc.AllowParallelGC:1]]
[2023.06.10-02.53.18:203][  0]LogConfig: Setting CVar [[gc.TimeBetweenPurgingPendingKillObjects:61.1]]
[2023.06.10-02.53.18:204][  0]LogConfig: Setting CVar [[gc.MaxObjectsInEditor:25165824]]
[2023.06.10-02.53.18:204][  0]LogConfig: Setting CVar [[gc.IncrementalBeginDestroyEnabled:1]]
[2023.06.10-02.53.18:204][  0]LogConfig: Setting CVar [[gc.CreateGCClusters:1]]
[2023.06.10-02.53.18:204][  0]LogConfig: Setting CVar [[gc.MinGCClusterSize:5]]
[2023.06.10-02.53.18:204][  0]LogConfig: Setting CVar [[gc.ActorClusteringEnabled:0]]
[2023.06.10-02.53.18:205][  0]LogConfig: Setting CVar [[gc.BlueprintClusteringEnabled:0]]
[2023.06.10-02.53.18:205][  0]LogConfig: Setting CVar [[gc.UseDisregardForGCOnDedicatedServers:0]]
[2023.06.10-02.53.18:205][  0]LogConfig: Setting CVar [[gc.MultithreadedDestructionEnabled:1]]
[2023.06.10-02.53.18:205][  0]LogConfig: Applying CVar settings from Section [/Script/Engine.NetworkSettings] File [../../../Kules/Saved/Config/WindowsServer/Engine.ini]
[2023.06.10-02.53.18:206][  0]LogConfig: Applying CVar settings from Section [ViewDistanceQuality@3] File [../../../Kules/Saved/Config/WindowsServer/Scalability.ini]
[2023.06.10-02.53.18:208][  0]LogConfig: Setting CVar [[r.SkeletalMeshLODBias:0]]
[2023.06.10-02.53.18:208][  0]LogConfig: Setting CVar [[r.ViewDistanceScale:1.0]]
[2023.06.10-02.53.18:208][  0]LogConfig: Applying CVar settings from Section [AntiAliasingQuality@3] File [../../../Kules/Saved/Config/WindowsServer/Scalability.ini]
[2023.06.10-02.53.18:208][  0]LogConfig: Setting CVar [[r.PostProcessAAQuality:4]]
[2023.06.10-02.53.18:208][  0]LogConfig: Applying CVar settings from Section [ShadowQuality@3] File [../../../Kules/Saved/Config/WindowsServer/Scalability.ini]
[2023.06.10-02.53.18:209][  0]LogConfig: Setting CVar [[r.LightFunctionQuality:1]]
[2023.06.10-02.53.18:209][  0]LogConfig: Setting CVar [[r.ShadowQuality:5]]
[2023.06.10-02.53.18:209][  0]LogConfig: Setting CVar [[r.Shadow.CSM.MaxCascades:10]]
[2023.06.10-02.53.18:209][  0]LogConfig: Setting CVar [[r.Shadow.MaxResolution:2048]]
[2023.06.10-02.53.18:210][  0]LogConfig: Setting CVar [[r.Shadow.MaxCSMResolution:2048]]
[2023.06.10-02.53.18:210][  0]LogConfig: Setting CVar [[r.Shadow.RadiusThreshold:0.01]]
[2023.06.10-02.53.18:210][  0]LogConfig: Setting CVar [[r.Shadow.DistanceScale:1.0]]
[2023.06.10-02.53.18:210][  0]LogConfig: Setting CVar [[r.Shadow.CSM.TransitionScale:1.0]]
[2023.06.10-02.53.18:210][  0]LogConfig: Setting CVar [[r.Shadow.PreShadowResolutionFactor:1.0]]
[2023.06.10-02.53.18:210][  0]LogConfig: Setting CVar [[r.DistanceFieldShadowing:1]]
[2023.06.10-02.53.18:210][  0]LogConfig: Setting CVar [[r.DistanceFieldAO:1]]
[2023.06.10-02.53.18:210][  0]LogConfig: Setting CVar [[r.AOQuality:2]]
[2023.06.10-02.53.18:212][  0]LogConfig: Setting CVar [[r.VolumetricFog:1]]
[2023.06.10-02.53.18:212][  0]LogConfig: Setting CVar [[r.VolumetricFog.GridPixelSize:8]]
[2023.06.10-02.53.18:212][  0]LogConfig: Setting CVar [[r.VolumetricFog.GridSizeZ:128]]
[2023.06.10-02.53.18:213][  0]LogConfig: Setting CVar [[r.VolumetricFog.HistoryMissSupersampleCount:4]]
[2023.06.10-02.53.18:213][  0]LogConfig: Setting CVar [[r.LightMaxDrawDistanceScale:1]]
[2023.06.10-02.53.18:213][  0]LogConfig: Setting CVar [[r.CapsuleShadows:1]]
[2023.06.10-02.53.18:213][  0]LogConfig: Applying CVar settings from Section [PostProcessQuality@3] File [../../../Kules/Saved/Config/WindowsServer/Scalability.ini]
[2023.06.10-02.53.18:214][  0]LogConfig: Setting CVar [[r.MotionBlurQuality:4]]
[2023.06.10-02.53.18:214][  0]LogConfig: Setting CVar [[r.AmbientOcclusionMipLevelFactor:0.4]]
[2023.06.10-02.53.18:214][  0]LogConfig: Setting CVar [[r.AmbientOcclusionMaxQuality:100]]
[2023.06.10-02.53.18:214][  0]LogConfig: Setting CVar [[r.AmbientOcclusionLevels:-1]]
[2023.06.10-02.53.18:215][  0]LogConfig: Setting CVar [[r.AmbientOcclusionRadiusScale:1.0]]
[2023.06.10-02.53.18:215][  0]LogConfig: Setting CVar [[r.DepthOfFieldQuality:2]]
[2023.06.10-02.53.18:215][  0]LogConfig: Setting CVar [[r.RenderTargetPoolMin:400]]
[2023.06.10-02.53.18:215][  0]LogConfig: Setting CVar [[r.LensFlareQuality:2]]
[2023.06.10-02.53.18:215][  0]LogConfig: Setting CVar [[r.SceneColorFringeQuality:1]]
[2023.06.10-02.53.18:216][  0]LogConfig: Setting CVar [[r.EyeAdaptationQuality:2]]
[2023.06.10-02.53.18:216][  0]LogConfig: Setting CVar [[r.BloomQuality:5]]
[2023.06.10-02.53.18:216][  0]LogConfig: Setting CVar [[r.FastBlurThreshold:100]]
[2023.06.10-02.53.18:216][  0]LogConfig: Setting CVar [[r.Upscale.Quality:3]]
[2023.06.10-02.53.18:216][  0]LogConfig: Setting CVar [[r.Tonemapper.GrainQuantization:1]]
[2023.06.10-02.53.18:217][  0]LogConfig: Setting CVar [[r.LightShaftQuality:1]]
[2023.06.10-02.53.18:217][  0]LogConfig: Setting CVar [[r.Filter.SizeScale:1]]
[2023.06.10-02.53.18:217][  0]LogConfig: Setting CVar [[r.Tonemapper.Quality:5]]
[2023.06.10-02.53.18:217][  0]LogConfig: Setting CVar [[r.DOF.Gather.AccumulatorQuality:1        ; higher gathering accumulator quality]]
[2023.06.10-02.53.18:217][  0]LogConfig: Setting CVar [[r.DOF.Gather.PostfilterMethod:1          ; Median3x3 postfilering method]]
[2023.06.10-02.53.18:218][  0]LogConfig: Setting CVar [[r.DOF.Gather.EnableBokehSettings:0       ; no bokeh simulation when gathering]]
[2023.06.10-02.53.18:218][  0]LogConfig: Setting CVar [[r.DOF.Gather.RingCount:4                 ; medium number of samples when gathering]]
[2023.06.10-02.53.18:218][  0]LogConfig: Setting CVar [[r.DOF.Scatter.ForegroundCompositing:1    ; additive foreground scattering]]
[2023.06.10-02.53.18:218][  0]LogConfig: Setting CVar [[r.DOF.Scatter.BackgroundCompositing:2    ; additive background scattering]]
[2023.06.10-02.53.18:219][  0]LogConfig: Setting CVar [[r.DOF.Scatter.EnableBokehSettings:1      ; bokeh simulation when scattering]]
[2023.06.10-02.53.18:219][  0]LogConfig: Setting CVar [[r.DOF.Scatter.MaxSpriteRatio:0.1         ; only a maximum of 10% of scattered bokeh]]
[2023.06.10-02.53.18:219][  0]LogConfig: Setting CVar [[r.DOF.Recombine.Quality:1                ; cheap slight out of focus]]
[2023.06.10-02.53.18:219][  0]LogConfig: Setting CVar [[r.DOF.Recombine.EnableBokehSettings:0    ; no bokeh simulation on slight out of focus]]
[2023.06.10-02.53.18:219][  0]LogConfig: Setting CVar [[r.DOF.TemporalAAQuality:1                ; more stable temporal accumulation]]
[2023.06.10-02.53.18:220][  0]LogConfig: Setting CVar [[r.DOF.Kernel.MaxForegroundRadius:0.025]]
[2023.06.10-02.53.18:220][  0]LogConfig: Setting CVar [[r.DOF.Kernel.MaxBackgroundRadius:0.025]]
[2023.06.10-02.53.18:220][  0]LogConfig: Applying CVar settings from Section [TextureQuality@3] File [../../../Kules/Saved/Config/WindowsServer/Scalability.ini]
[2023.06.10-02.53.18:220][  0]LogConfig: Setting CVar [[r.Streaming.MipBias:0]]
[2023.06.10-02.53.18:220][  0]LogConfig: Setting CVar [[r.Streaming.AmortizeCPUToGPUCopy:0]]
[2023.06.10-02.53.18:221][  0]LogConfig: Setting CVar [[r.Streaming.MaxNumTexturesToStreamPerFrame:0]]
[2023.06.10-02.53.18:221][  0]LogConfig: Setting CVar [[r.Streaming.Boost:1]]
[2023.06.10-02.53.18:221][  0]LogConfig: Setting CVar [[r.MaxAnisotropy:8]]
[2023.06.10-02.53.18:221][  0]LogConfig: Setting CVar [[r.VT.MaxAnisotropy:8]]
[2023.06.10-02.53.18:222][  0]LogConfig: Setting CVar [[r.Streaming.LimitPoolSizeToVRAM:0]]
[2023.06.10-02.53.18:223][  0]LogConfig: Setting CVar [[r.Streaming.PoolSize:1000]]
[2023.06.10-02.53.18:223][  0]LogConfig: Setting CVar [[r.Streaming.MaxEffectiveScreenSize:0]]
[2023.06.10-02.53.18:223][  0]LogConfig: Applying CVar settings from Section [EffectsQuality@3] File [../../../Kules/Saved/Config/WindowsServer/Scalability.ini]
[2023.06.10-02.53.18:224][  0]LogConfig: Setting CVar [[r.TranslucencyLightingVolumeDim:64]]
[2023.06.10-02.53.18:224][  0]LogConfig: Setting CVar [[r.RefractionQuality:2]]
[2023.06.10-02.53.18:224][  0]LogConfig: Setting CVar [[r.SSR.Quality:3]]
[2023.06.10-02.53.18:224][  0]LogConfig: Setting CVar [[r.SSR.HalfResSceneColor:0]]
[2023.06.10-02.53.18:225][  0]LogConfig: Setting CVar [[r.SceneColorFormat:4]]
[2023.06.10-02.53.18:225][  0]LogConfig: Setting CVar [[r.DetailMode:2]]
[2023.06.10-02.53.18:225][  0]LogConfig: Setting CVar [[r.TranslucencyVolumeBlur:1]]
[2023.06.10-02.53.18:225][  0]LogConfig: Setting CVar [[r.MaterialQualityLevel:1 ; High quality]]
[2023.06.10-02.53.18:225][  0]LogConfig: Setting CVar [[r.AnisotropicMaterials:1]]
[2023.06.10-02.53.18:226][  0]LogConfig: Setting CVar [[r.SSS.Scale:1]]
[2023.06.10-02.53.18:226][  0]LogConfig: Setting CVar [[r.SSS.SampleSet:2]]
[2023.06.10-02.53.18:226][  0]LogConfig: Setting CVar [[r.SSS.Quality:1]]
[2023.06.10-02.53.18:226][  0]LogConfig: Setting CVar [[r.SSS.HalfRes:0]]
[2023.06.10-02.53.18:226][  0]LogConfig: Setting CVar [[r.SSGI.Quality:3]]
[2023.06.10-02.53.18:227][  0]LogConfig: Setting CVar [[r.EmitterSpawnRateScale:1.0]]
[2023.06.10-02.53.18:227][  0]LogConfig: Setting CVar [[r.ParticleLightQuality:2]]
[2023.06.10-02.53.18:227][  0]LogConfig: Setting CVar [[r.SkyAtmosphere.AerialPerspectiveLUT.FastApplyOnOpaque:1 ; Always have FastSkyLUT 1 in this case to avoid wrong sky]]
[2023.06.10-02.53.18:227][  0]LogConfig: Setting CVar [[r.SkyAtmosphere.AerialPerspectiveLUT.SampleCountMaxPerSlice:4]]
[2023.06.10-02.53.18:228][  0]LogConfig: Setting CVar [[r.SkyAtmosphere.AerialPerspectiveLUT.DepthResolution:16.0]]
[2023.06.10-02.53.18:228][  0]LogConfig: Setting CVar [[r.SkyAtmosphere.FastSkyLUT:1]]
[2023.06.10-02.53.18:228][  0]LogConfig: Setting CVar [[r.SkyAtmosphere.FastSkyLUT.SampleCountMin:4.0]]
[2023.06.10-02.53.18:228][  0]LogConfig: Setting CVar [[r.SkyAtmosphere.FastSkyLUT.SampleCountMax:128.0]]
[2023.06.10-02.53.18:228][  0]LogConfig: Setting CVar [[r.SkyAtmosphere.SampleCountMin:4.0]]
[2023.06.10-02.53.18:228][  0]LogConfig: Setting CVar [[r.SkyAtmosphere.SampleCountMax:128.0]]
[2023.06.10-02.53.18:228][  0]LogConfig: Setting CVar [[r.SkyAtmosphere.TransmittanceLUT.UseSmallFormat:0]]
[2023.06.10-02.53.18:229][  0]LogConfig: Setting CVar [[r.SkyAtmosphere.TransmittanceLUT.SampleCount:10.0]]
[2023.06.10-02.53.18:229][  0]LogConfig: Setting CVar [[r.SkyAtmosphere.MultiScatteringLUT.SampleCount:15.0]]
[2023.06.10-02.53.18:229][  0]LogConfig: Setting CVar [[r.SkyLight.RealTimeReflectionCapture:1]]
[2023.06.10-02.53.18:229][  0]LogConfig: Setting CVar [[fx.Niagara.QualityLevel:3]]
[2023.06.10-02.53.18:229][  0]LogConfig: Applying CVar settings from Section [FoliageQuality@3] File [../../../Kules/Saved/Config/WindowsServer/Scalability.ini]
[2023.06.10-02.53.18:229][  0]LogConfig: Setting CVar [[foliage.DensityScale:1.0]]
[2023.06.10-02.53.18:229][  0]LogConfig: Setting CVar [[grass.DensityScale:1.0]]
[2023.06.10-02.53.18:229][  0]LogConfig: Applying CVar settings from Section [ShadingQuality@3] File [../../../Kules/Saved/Config/WindowsServer/Scalability.ini]
[2023.06.10-02.53.18:230][  0]LogConfig: Setting CVar [[r.HairStrands.SkyLighting.IntegrationType:2]]
[2023.06.10-02.53.18:230][  0]LogConfig: Setting CVar [[r.HairStrands.SkyAO.SampleCount:4]]
[2023.06.10-02.53.18:230][  0]LogConfig: Setting CVar [[r.HairStrands.Visibility.MSAA.SamplePerPixel:4]]
[2023.06.10-02.53.18:230][  0]LogInit: Selected Device Profile: [WindowsServer]
[2023.06.10-02.53.18:232][  0]LogInit: Applying CVar settings loaded from the selected device profile: [WindowsServer]
[2023.06.10-02.53.18:232][  0]LogHAL: Display: Platform has ~ 16 GB [17043779584 / 17179869184 / 16], which maps to Larger [LargestMinGB=32, LargerMinGB=12, DefaultMinGB=8, SmallerMinGB=6, SmallestMinGB=0)
[2023.06.10-02.53.18:232][  0]LogInit: Going up to parent DeviceProfile [Windows]
[2023.06.10-02.53.18:232][  0]LogInit: Going up to parent DeviceProfile []
[2023.06.10-02.53.18:232][  0]LogConfig: Applying CVar settings from Section [ViewDistanceQuality@3] File [../../../Kules/Saved/Config/WindowsServer/Scalability.ini]
[2023.06.10-02.53.18:233][  0]LogConfig: Setting CVar [[r.SkeletalMeshLODBias:0]]
[2023.06.10-02.53.18:233][  0]LogConfig: Setting CVar [[r.ViewDistanceScale:1.0]]
[2023.06.10-02.53.18:233][  0]LogConfig: Applying CVar settings from Section [AntiAliasingQuality@3] File [../../../Kules/Saved/Config/WindowsServer/Scalability.ini]
[2023.06.10-02.53.18:233][  0]LogConfig: Setting CVar [[r.PostProcessAAQuality:4]]
[2023.06.10-02.53.18:233][  0]LogConfig: Applying CVar settings from Section [ShadowQuality@3] File [../../../Kules/Saved/Config/WindowsServer/Scalability.ini]
[2023.06.10-02.53.18:233][  0]LogConfig: Setting CVar [[r.LightFunctionQuality:1]]
[2023.06.10-02.53.18:233][  0]LogConfig: Setting CVar [[r.ShadowQuality:5]]
[2023.06.10-02.53.18:234][  0]LogConfig: Setting CVar [[r.Shadow.CSM.MaxCascades:10]]
[2023.06.10-02.53.18:234][  0]LogConfig: Setting CVar [[r.Shadow.MaxResolution:2048]]
[2023.06.10-02.53.18:234][  0]LogConfig: Setting CVar [[r.Shadow.MaxCSMResolution:2048]]
[2023.06.10-02.53.18:234][  0]LogConfig: Setting CVar [[r.Shadow.RadiusThreshold:0.01]]
[2023.06.10-02.53.18:234][  0]LogConfig: Setting CVar [[r.Shadow.DistanceScale:1.0]]
[2023.06.10-02.53.18:235][  0]LogConfig: Setting CVar [[r.Shadow.CSM.TransitionScale:1.0]]
[2023.06.10-02.53.18:235][  0]LogConfig: Setting CVar [[r.Shadow.PreShadowResolutionFactor:1.0]]
[2023.06.10-02.53.18:235][  0]LogConfig: Setting CVar [[r.DistanceFieldShadowing:1]]
[2023.06.10-02.53.18:235][  0]LogConfig: Setting CVar [[r.DistanceFieldAO:1]]
[2023.06.10-02.53.18:236][  0]LogConfig: Setting CVar [[r.AOQuality:2]]
[2023.06.10-02.53.18:236][  0]LogConfig: Setting CVar [[r.VolumetricFog:1]]
[2023.06.10-02.53.18:236][  0]LogConfig: Setting CVar [[r.VolumetricFog.GridPixelSize:8]]
[2023.06.10-02.53.18:236][  0]LogConfig: Setting CVar [[r.VolumetricFog.GridSizeZ:128]]
[2023.06.10-02.53.18:236][  0]LogConfig: Setting CVar [[r.VolumetricFog.HistoryMissSupersampleCount:4]]
[2023.06.10-02.53.18:237][  0]LogConfig: Setting CVar [[r.LightMaxDrawDistanceScale:1]]
[2023.06.10-02.53.18:239][  0]LogConfig: Setting CVar [[r.CapsuleShadows:1]]
[2023.06.10-02.53.18:239][  0]LogConfig: Applying CVar settings from Section [PostProcessQuality@3] File [../../../Kules/Saved/Config/WindowsServer/Scalability.ini]
[2023.06.10-02.53.18:239][  0]LogConfig: Setting CVar [[r.MotionBlurQuality:4]]
[2023.06.10-02.53.18:239][  0]LogConfig: Setting CVar [[r.AmbientOcclusionMipLevelFactor:0.4]]
[2023.06.10-02.53.18:239][  0]LogConfig: Setting CVar [[r.AmbientOcclusionMaxQuality:100]]
[2023.06.10-02.53.18:240][  0]LogConfig: Setting CVar [[r.AmbientOcclusionLevels:-1]]
[2023.06.10-02.53.18:240][  0]LogConfig: Setting CVar [[r.AmbientOcclusionRadiusScale:1.0]]
[2023.06.10-02.53.18:240][  0]LogConfig: Setting CVar [[r.DepthOfFieldQuality:2]]
[2023.06.10-02.53.18:240][  0]LogConfig: Setting CVar [[r.RenderTargetPoolMin:400]]
[2023.06.10-02.53.18:240][  0]LogConfig: Setting CVar [[r.LensFlareQuality:2]]
[2023.06.10-02.53.18:240][  0]LogConfig: Setting CVar [[r.SceneColorFringeQuality:1]]
[2023.06.10-02.53.18:240][  0]LogConfig: Setting CVar [[r.EyeAdaptationQuality:2]]
[2023.06.10-02.53.18:242][  0]LogConfig: Setting CVar [[r.BloomQuality:5]]
[2023.06.10-02.53.18:242][  0]LogConfig: Setting CVar [[r.FastBlurThreshold:100]]
[2023.06.10-02.53.18:242][  0]LogConfig: Setting CVar [[r.Upscale.Quality:3]]
[2023.06.10-02.53.18:242][  0]LogConfig: Setting CVar [[r.Tonemapper.GrainQuantization:1]]
[2023.06.10-02.53.18:243][  0]LogConfig: Setting CVar [[r.LightShaftQuality:1]]
[2023.06.10-02.53.18:243][  0]LogConfig: Setting CVar [[r.Filter.SizeScale:1]]
[2023.06.10-02.53.18:243][  0]LogConfig: Setting CVar [[r.Tonemapper.Quality:5]]
[2023.06.10-02.53.18:243][  0]LogConfig: Setting CVar [[r.DOF.Gather.AccumulatorQuality:1        ; higher gathering accumulator quality]]
[2023.06.10-02.53.18:243][  0]LogConfig: Setting CVar [[r.DOF.Gather.PostfilterMethod:1          ; Median3x3 postfilering method]]
[2023.06.10-02.53.18:244][  0]LogConfig: Setting CVar [[r.DOF.Gather.EnableBokehSettings:0       ; no bokeh simulation when gathering]]
[2023.06.10-02.53.18:244][  0]LogConfig: Setting CVar [[r.DOF.Gather.RingCount:4                 ; medium number of samples when gathering]]
[2023.06.10-02.53.18:244][  0]LogConfig: Setting CVar [[r.DOF.Scatter.ForegroundCompositing:1    ; additive foreground scattering]]
[2023.06.10-02.53.18:244][  0]LogConfig: Setting CVar [[r.DOF.Scatter.BackgroundCompositing:2    ; additive background scattering]]
[2023.06.10-02.53.18:244][  0]LogConfig: Setting CVar [[r.DOF.Scatter.EnableBokehSettings:1      ; bokeh simulation when scattering]]
[2023.06.10-02.53.18:245][  0]LogConfig: Setting CVar [[r.DOF.Scatter.MaxSpriteRatio:0.1         ; only a maximum of 10% of scattered bokeh]]
[2023.06.10-02.53.18:245][  0]LogConfig: Setting CVar [[r.DOF.Recombine.Quality:1                ; cheap slight out of focus]]
[2023.06.10-02.53.18:245][  0]LogConfig: Setting CVar [[r.DOF.Recombine.EnableBokehSettings:0    ; no bokeh simulation on slight out of focus]]
[2023.06.10-02.53.18:245][  0]LogConfig: Setting CVar [[r.DOF.TemporalAAQuality:1                ; more stable temporal accumulation]]
[2023.06.10-02.53.18:246][  0]LogConfig: Setting CVar [[r.DOF.Kernel.MaxForegroundRadius:0.025]]
[2023.06.10-02.53.18:246][  0]LogConfig: Setting CVar [[r.DOF.Kernel.MaxBackgroundRadius:0.025]]
[2023.06.10-02.53.18:246][  0]LogConfig: Applying CVar settings from Section [TextureQuality@3] File [../../../Kules/Saved/Config/WindowsServer/Scalability.ini]
[2023.06.10-02.53.18:246][  0]LogConfig: Setting CVar [[r.Streaming.MipBias:0]]
[2023.06.10-02.53.18:246][  0]LogConfig: Setting CVar [[r.Streaming.AmortizeCPUToGPUCopy:0]]
[2023.06.10-02.53.18:247][  0]LogConfig: Setting CVar [[r.Streaming.MaxNumTexturesToStreamPerFrame:0]]
[2023.06.10-02.53.18:247][  0]LogConfig: Setting CVar [[r.Streaming.Boost:1]]
[2023.06.10-02.53.18:247][  0]LogConfig: Setting CVar [[r.MaxAnisotropy:8]]
[2023.06.10-02.53.18:247][  0]LogConfig: Setting CVar [[r.VT.MaxAnisotropy:8]]
[2023.06.10-02.53.18:248][  0]LogConfig: Setting CVar [[r.Streaming.LimitPoolSizeToVRAM:0]]
[2023.06.10-02.53.18:248][  0]LogConfig: Setting CVar [[r.Streaming.PoolSize:1000]]
[2023.06.10-02.53.18:248][  0]LogConfig: Setting CVar [[r.Streaming.MaxEffectiveScreenSize:0]]
[2023.06.10-02.53.18:248][  0]LogConfig: Applying CVar settings from Section [EffectsQuality@3] File [../../../Kules/Saved/Config/WindowsServer/Scalability.ini]
[2023.06.10-02.53.18:248][  0]LogConfig: Setting CVar [[r.TranslucencyLightingVolumeDim:64]]
[2023.06.10-02.53.18:249][  0]LogConfig: Setting CVar [[r.RefractionQuality:2]]
[2023.06.10-02.53.18:249][  0]LogConfig: Setting CVar [[r.SSR.Quality:3]]
[2023.06.10-02.53.18:249][  0]LogConfig: Setting CVar [[r.SSR.HalfResSceneColor:0]]
[2023.06.10-02.53.18:249][  0]LogConfig: Setting CVar [[r.SceneColorFormat:4]]
[2023.06.10-02.53.18:250][  0]LogConfig: Setting CVar [[r.DetailMode:2]]
[2023.06.10-02.53.18:250][  0]LogConfig: Setting CVar [[r.TranslucencyVolumeBlur:1]]
[2023.06.10-02.53.18:250][  0]LogConfig: Setting CVar [[r.MaterialQualityLevel:1 ; High quality]]
[2023.06.10-02.53.18:250][  0]LogConfig: Setting CVar [[r.AnisotropicMaterials:1]]
[2023.06.10-02.53.18:250][  0]LogConfig: Setting CVar [[r.SSS.Scale:1]]
[2023.06.10-02.53.18:251][  0]LogConfig: Setting CVar [[r.SSS.SampleSet:2]]
[2023.06.10-02.53.18:251][  0]LogConfig: Setting CVar [[r.SSS.Quality:1]]
[2023.06.10-02.53.18:251][  0]LogConfig: Setting CVar [[r.SSS.HalfRes:0]]
[2023.06.10-02.53.18:251][  0]LogConfig: Setting CVar [[r.SSGI.Quality:3]]
[2023.06.10-02.53.18:251][  0]LogConfig: Setting CVar [[r.EmitterSpawnRateScale:1.0]]
[2023.06.10-02.53.18:252][  0]LogConfig: Setting CVar [[r.ParticleLightQuality:2]]
[2023.06.10-02.53.18:252][  0]LogConfig: Setting CVar [[r.SkyAtmosphere.AerialPerspectiveLUT.FastApplyOnOpaque:1 ; Always have FastSkyLUT 1 in this case to avoid wrong sky]]
[2023.06.10-02.53.18:252][  0]LogConfig: Setting CVar [[r.SkyAtmosphere.AerialPerspectiveLUT.SampleCountMaxPerSlice:4]]
[2023.06.10-02.53.18:252][  0]LogConfig: Setting CVar [[r.SkyAtmosphere.AerialPerspectiveLUT.DepthResolution:16.0]]
[2023.06.10-02.53.18:252][  0]LogConfig: Setting CVar [[r.SkyAtmosphere.FastSkyLUT:1]]
[2023.06.10-02.53.18:253][  0]LogConfig: Setting CVar [[r.SkyAtmosphere.FastSkyLUT.SampleCountMin:4.0]]
[2023.06.10-02.53.18:255][  0]LogConfig: Setting CVar [[r.SkyAtmosphere.FastSkyLUT.SampleCountMax:128.0]]
[2023.06.10-02.53.18:255][  0]LogConfig: Setting CVar [[r.SkyAtmosphere.SampleCountMin:4.0]]
[2023.06.10-02.53.18:256][  0]LogConfig: Setting CVar [[r.SkyAtmosphere.SampleCountMax:128.0]]
[2023.06.10-02.53.18:256][  0]LogConfig: Setting CVar [[r.SkyAtmosphere.TransmittanceLUT.UseSmallFormat:0]]
[2023.06.10-02.53.18:256][  0]LogConfig: Setting CVar [[r.SkyAtmosphere.TransmittanceLUT.SampleCount:10.0]]
[2023.06.10-02.53.18:257][  0]LogConfig: Setting CVar [[r.SkyAtmosphere.MultiScatteringLUT.SampleCount:15.0]]
[2023.06.10-02.53.18:257][  0]LogConfig: Setting CVar [[r.SkyLight.RealTimeReflectionCapture:1]]
[2023.06.10-02.53.18:257][  0]LogConfig: Setting CVar [[fx.Niagara.QualityLevel:3]]
[2023.06.10-02.53.18:258][  0]LogConfig: Applying CVar settings from Section [FoliageQuality@3] File [../../../Kules/Saved/Config/WindowsServer/Scalability.ini]
[2023.06.10-02.53.18:258][  0]LogConfig: Setting CVar [[foliage.DensityScale:1.0]]
[2023.06.10-02.53.18:258][  0]LogConfig: Setting CVar [[grass.DensityScale:1.0]]
[2023.06.10-02.53.18:258][  0]LogConfig: Applying CVar settings from Section [ShadingQuality@3] File [../../../Kules/Saved/Config/WindowsServer/Scalability.ini]
[2023.06.10-02.53.18:259][  0]LogConfig: Setting CVar [[r.HairStrands.SkyLighting.IntegrationType:2]]
[2023.06.10-02.53.18:259][  0]LogConfig: Setting CVar [[r.HairStrands.SkyAO.SampleCount:4]]
[2023.06.10-02.53.18:259][  0]LogConfig: Setting CVar [[r.HairStrands.Visibility.MSAA.SamplePerPixel:4]]
[2023.06.10-02.53.18:259][  0]LogConfig: Applying CVar settings from Section [Startup] File [../../../Engine/Config/ConsoleVariables.ini]
[2023.06.10-02.53.18:259][  0]LogConfig: Setting CVar [[net.UseAdaptiveNetUpdateFrequency:0]]
[2023.06.10-02.53.18:260][  0]LogConfig: Setting CVar [[p.chaos.AllowCreatePhysxBodies:1]]
[2023.06.10-02.53.18:260][  0]LogConfig: Setting CVar [[fx.SkipVectorVMBackendOptimizations:1]]
[2023.06.10-02.53.18:260][  0]LogConfig: Applying CVar settings from Section [ConsoleVariables] File [../../../Kules/Saved/Config/WindowsServer/Engine.ini]
[2023.06.10-02.53.18:260][  0]LogInit: Computer: DESKTOP-2N1BJRH
[2023.06.10-02.53.18:260][  0]LogInit: User: PIXEL
[2023.06.10-02.53.18:261][  0]LogInit: CPU Page size=4096, Cores=6
[2023.06.10-02.53.18:261][  0]LogInit: High frequency timer resolution =10.000000 MHz
[2023.06.10-02.53.18:261][  0]LogMemory: Memory total: Physical=15.9GB (16GB approx)
[2023.06.10-02.53.18:261][  0]LogMemory: Platform Memory Stats for WindowsServer
[2023.06.10-02.53.18:262][  0]LogMemory: Process Physical Memory: 76.38 MB used, 76.38 MB peak
[2023.06.10-02.53.18:262][  0]LogMemory: Process Virtual Memory: 75.61 MB used, 75.61 MB peak
[2023.06.10-02.53.18:262][  0]LogMemory: Physical Memory: 6622.71 MB used,  9631.51 MB free, 16254.21 MB total
[2023.06.10-02.53.18:262][  0]LogMemory: Virtual Memory: 134206464.00 MB used,  11264.30 MB free, 134217728.00 MB total
[2023.06.10-02.53.18:267][  0]LogWindows: WindowsPlatformFeatures disabled or dedicated server build
[2023.06.10-02.53.18:423][  0]LogInit: Physics initialised using underlying interface: PhysX
[2023.06.10-02.53.18:423][  0]LogInit: Using OS detected language (ru-RU).
[2023.06.10-02.53.18:423][  0]LogInit: Using OS detected locale (ru-KZ).
[2023.06.10-02.53.18:424][  0]LogTextLocalizationManager: No specific localization for 'ru-RU' exists, so the 'ru' localization will be used.
[2023.06.10-02.53.18:424][  0]LogTextLocalizationResource: LocRes '../../../Engine/Content/Localization/Engine/ru/Engine.locres' could not be opened for reading!
[2023.06.10-02.53.18:429][  0]LogRendererCore: Ray tracing is disabled. Reason: r.RayTracing=0.
[2023.06.10-02.53.18:429][  0]LogODSC: ODSC Thread active.
[2023.06.10-02.53.18:434][  0]LogInit: Using OS detected language (ru-RU).
[2023.06.10-02.53.18:434][  0]LogInit: Using OS detected locale (ru-KZ).
[2023.06.10-02.53.18:434][  0]LogTextLocalizationManager: No specific localization for 'ru-RU' exists, so the 'ru' localization will be used.
[2023.06.10-02.53.18:436][  0]LogTextLocalizationManager: Compacting localization data took   0.05ms
[2023.06.10-02.53.18:436][  0]LogAssetRegistry: FAssetRegistry took 0.0007 seconds to start up
[2023.06.10-02.53.18:492][  0]LogStreaming: Display: FlushAsyncLoading: 1 QueuedPackages, 0 AsyncPackages
[2023.06.10-02.53.18:492][  0]LogPackageLocalizationCache: Processed 28 localized package path(s) for 1 prioritized culture(s) in 0.000051 seconds
[2023.06.10-02.53.18:492][  0]LogPakFile: New pak file ../../../Kules/Content/Paks/Kules-WindowsServer.pak added to pak precacher.
[2023.06.10-02.53.18:493][  0]LogInit: Selected Device Profile: [WindowsServer]
[2023.06.10-02.53.18:493][  0]LogInit: Active device profile: [000002571CCA91C0][0000025719E00010 49] WindowsServer
[2023.06.10-02.53.18:493][  0]LogInit: Profiles: [000002571CCA9340][000002571C589250 49] Windows, [000002571CCA91C0][0000025719E00010 49] WindowsServer, 
[2023.06.10-02.53.18:500][  0]LogSerialization: Display: AllowBulkDataInIoStore: 'true'
[2023.06.10-02.53.18:507][  0]LogNetVersion: Kules 1.0.0, NetCL: 0, EngineNetVer: 17, GameNetVer: 0 (Checksum: 4020273795)
[2023.06.10-02.53.18:524][  0]LogAudioCaptureCore: Display: No Audio Capture implementations found. Audio input will be silent.
[2023.06.10-02.53.18:524][  0]LogAudioCaptureCore: Display: No Audio Capture implementations found. Audio input will be silent.
[2023.06.10-02.53.18:525][  0]LogHMD: PokeAHoleMaterial loaded successfully
[2023.06.10-02.53.18:540][  0]LogUObjectArray: 15896 objects as part of root set at end of initial load.
[2023.06.10-02.53.18:540][  0]LogUObjectAllocator: 3213976 out of 0 bytes used by permanent object pool.
[2023.06.10-02.53.18:540][  0]LogUObjectArray: CloseDisregardForGC: 15896/0 objects in disregard for GC pool
[2023.06.10-02.53.18:559][  0]LogVaRest: FVaRestModule::StartupModule(28): VaRest (1.1.33) module started
[2023.06.10-02.53.18:561][  0]LogNiagaraDebuggerClient: Niagara Debugger Client Initialized | Session: 91008CBA4962A688413115BB2CF71513 | Instance: 7DE09E6F44EE78A30E6B6BA6FAEEA020 (DESKTOP-2N1BJRH-20328).
[2023.06.10-02.53.18:562][  0]LogAndroidPermission: UAndroidPermissionCallbackProxy::GetInstance
[2023.06.10-02.53.18:562][  0]LogOcInput: OculusInput pre-init called
[2023.06.10-02.53.18:563][  0]LogEngine: Initializing Engine...
[2023.06.10-02.53.18:563][  0]LogVaRest: UVaRestSubsystem::Initialize(24): VaRest subsystem initialized
[2023.06.10-02.53.18:564][  0]LogStats: UGameplayTagsManager::InitializeManager -  0.000 s
[2023.06.10-02.53.18:567][  0]LogInit: Initializing FReadOnlyCVARCache
[2023.06.10-02.53.18:567][  0]LogNetVersion: Set ProjectVersion to 13.53.21.04.23. Version Checksum will be recalculated on next use.
[2023.06.10-02.53.18:567][  0]LogInit: Texture streaming: Disabled
[2023.06.10-02.53.18:604][  0]LogInit: Display: Game Engine Initialized.
[2023.06.10-02.53.18:605][  0]LogInit: Display: Starting Game.
[2023.06.10-02.53.18:605][  0]LogNet: Browse: /Game/Kules/Map/Server_Maps/Table1?Name=Player
[2023.06.10-02.53.18:606][  0]LogLoad: LoadMap: /Game/Kules/Map/Server_Maps/Table1?Name=Player
[2023.06.10-02.53.18:606][  0]LogWorld: BeginTearingDown for /Temp/Untitled_0
[2023.06.10-02.53.18:608][  0]LogWorld: UWorld::CleanupWorld for Untitled, bSessionEnded=true, bCleanupResources=true
[2023.06.10-02.53.18:613][  0]LogUObjectHash: Compacting FUObjectHashTables data took   0.65ms
[2023.06.10-02.53.18:618][  0]LogAIModule: Creating AISystem for world Table1
[2023.06.10-02.53.18:618][  0]LogLoad: Game class is 'gm_ServerMode_C'
[2023.06.10-02.53.18:619][  0]LogNet: ReplicationDriverClass is null! Not using ReplicationDriver.
[2023.06.10-02.53.18:619][  0]LogNetCore: DDoS detection status: detection enabled: 0 analytics enabled: 0
[2023.06.10-02.53.18:620][  0]LogInit: WinSock: Socket queue. Rx: 131072 (config 131072) Tx: 131072 (config 131072)
[2023.06.10-02.53.18:620][  0]LogNet: Created socket for bind address: 0.0.0.0 on port 7777
[2023.06.10-02.53.18:620][  0]PacketHandlerLog: Loaded PacketHandler component: Engine.EngineHandlerComponentFactory (StatelessConnectHandlerComponent)
[2023.06.10-02.53.18:620][  0]LogNet: GameNetDriver IpNetDriver_2147482562 IpNetDriver listening on port 7777
[2023.06.10-02.53.18:622][  0]LogWorld: Bringing World /Game/Kules/Map/Server_Maps/Table1.Table1 up for play (max tick rate 30) at 2023.06.10-07.53.18
[2023.06.10-02.53.18:622][  0]LogWorld: Bringing up level for play took: 0.001147
[2023.06.10-02.53.18:623][  0]LogLoad: Took 0.017012 seconds to LoadMap(/Game/Kules/Map/Server_Maps/Table1)
[2023.06.10-02.53.18:623][  0]LogPakFile: AllPaks IndexSizes: DirectoryHashSize=221892, PathHashSize=16, EntriesSize=32752, TotalSize=254660
[2023.06.10-02.53.18:623][  0]LogInit: Display: Engine is initialized. Leaving FEngineLoop::Init()
[2023.06.10-02.53.18:623][  0]LogLoad: (Engine Initialization) Total time: 0.79 seconds
